<?xml version="1.0" encoding="UTF-8"?>
<!-- Generated by org.testng.reporters.JUnitXMLReporter -->
<testsuite ignored="0" hostname="Vishals-MacBook-Pro.local" failures="1" tests="1" name="Test" time="28.931" errors="0" timestamp="20 Jun 2019 19:02:07 GMT">
  <testcase classname="test.test.NewTest" name="f" time="0.0">
    <failure type="org.testng.TestNGException" message="
Cannot inject @Test annotated Method [f] with [interface org.openqa.selenium.WebDriver].
For more information on native dependency injection please refer to http://testng.org/doc/documentation-main.html#native-dependency-injection">
      <![CDATA[org.testng.TestNGException: 
Cannot inject @Test annotated Method [f] with [interface org.openqa.selenium.WebDriver].
For more information on native dependency injection please refer to http://testng.org/doc/documentation-main.html#native-dependency-injection
... Removed 24 stack frames]]>
    </failure>
  </testcase> <!-- f -->
</testsuite> <!-- Test -->
