<?xml version="1.0" encoding="UTF-8"?>
<testng-results ignored="0" total="1" passed="1" failed="0" skipped="0">
  <reporter-output>
  </reporter-output>
  <suite started-at="2019-06-20T19:27:17Z" name="Default suite" finished-at="2019-06-20T19:27:31Z" duration-ms="14171">
    <groups>
    </groups>
    <test started-at="2019-06-20T19:27:17Z" name="Default test" finished-at="2019-06-20T19:27:31Z" duration-ms="14171">
      <class name="test.test.NewTest">
        <test-method is-config="true" signature="beforeTest()[pri:0, instance:test.test.NewTest@7494f96a]" started-at="2019-06-20T19:27:17Z" name="beforeTest" finished-at="2019-06-20T19:27:31Z" duration-ms="13950" status="PASS">
          <reporter-output>
          </reporter-output>
        </test-method> <!-- beforeTest -->
        <test-method signature="f()[pri:0, instance:test.test.NewTest@7494f96a]" started-at="2019-06-20T19:27:31Z" name="f" finished-at="2019-06-20T19:27:31Z" duration-ms="12" status="PASS">
          <reporter-output>
          </reporter-output>
        </test-method> <!-- f -->
        <test-method is-config="true" signature="afterTest()[pri:0, instance:test.test.NewTest@7494f96a]" started-at="2019-06-20T19:27:31Z" name="afterTest" finished-at="2019-06-20T19:27:31Z" duration-ms="1" status="PASS">
          <reporter-output>
          </reporter-output>
        </test-method> <!-- afterTest -->
      </class> <!-- test.test.NewTest -->
    </test> <!-- Default test -->
  </suite> <!-- Default suite -->
</testng-results>
